<?xml version="1.0" encoding="UTF-8"?>
<!-- Generated by org.testng.reporters.JUnitReportReporter -->
<testsuite skipped="0" hostname="DESKTOP-N308L1J" name="test.AddCustomerTest" tests="1" failures="0" timestamp="17 Jul 2022 15:53:25 GMT" time="24.913" errors="0">
  <testcase name="userShouldBeAbleToCreateNewCustomer" time="24.913" classname="test.AddCustomerTest"/>
</testsuite> <!-- test.AddCustomerTest -->
