<?xml version="1.0" encoding="UTF-8"?>
<!-- Generated by org.testng.reporters.JUnitReportReporter -->
<testsuite skipped="0" hostname="DESKTOP-N308L1J" name="test.AddCustomerTest" tests="1" failures="0" timestamp="16 Jul 2022 18:22:48 GMT" time="12.304" errors="0">
  <testcase name="userShouldBeAbleToCreateNewCustomer" time="12.304" classname="test.AddCustomerTest"/>
</testsuite> <!-- test.AddCustomerTest -->
