<?xml version="1.0" encoding="UTF-8"?>
<!-- Generated by org.testng.reporters.JUnitReportReporter -->
<testsuite skipped="0" hostname="DESKTOP-N308L1J" name="test.LoginTest" tests="1" failures="0" timestamp="16 Jul 2022 17:31:36 GMT" time="7.582" errors="0">
  <testcase name="validUserShouldBeAbleToLogin" time="7.582" classname="test.LoginTest"/>
</testsuite> <!-- test.LoginTest -->
